20210601_conv.nc
20210602_conv.nc
20210603_conv.nc
20210604_conv.nc
20210605_conv.nc
20210606_conv.nc
20210607_conv.nc
20210608_conv.nc
20210609_conv.nc
20210611_conv.nc
20210612_conv.nc
20210613_conv.nc
20210614_conv.nc
20210615_conv.nc
20210616_conv.nc
20210617_conv.nc
20210618_conv.nc
20210619_conv.nc
20210620_conv.nc
20210621_conv.nc
20210622_conv.nc
20210623_conv.nc
20210627_conv.nc
20210628_conv.nc
20210629_conv.nc
20210630_conv.nc
20210701_conv.nc
20210702_conv.nc
20210703_conv.nc
20210704_conv.nc
20210705_conv.nc
20210706_conv.nc
20210707_conv.nc
20210708_conv.nc
20210709_conv.nc
20210710_conv.nc
20210711_conv.nc
20210712_conv.nc
20210713_conv.nc
20210714_conv.nc
20210715_conv.nc
20210716_conv.nc
20210717_conv.nc
20210718_conv.nc
20210719_conv.nc
20210720_conv.nc
20210721_conv.nc
20210722_conv.nc
20210723_conv.nc
20210724_conv.nc
20210725_conv.nc
20210726_conv.nc
20210727_conv.nc
20210728_conv.nc
20210729_conv.nc
20210730_conv.nc
20210731_conv.nc
20210801_conv.nc
20210802_conv.nc
20210803_conv.nc
20210804_conv.nc
20210805_conv.nc
20210806_conv.nc
20210807_conv.nc
20210808_conv.nc
20210809_conv.nc
20210810_conv.nc
20210811_conv.nc
20210812_conv.nc
20210813_conv.nc
20210814_conv.nc
20210815_conv.nc
20210816_conv.nc
20210817_conv.nc
20210818_conv.nc
20210819_conv.nc
20210820_conv.nc
20210821_conv.nc
20210822_conv.nc
20210823_conv.nc
20210824_conv.nc
20210825_conv.nc
20210826_conv.nc
20210827_conv.nc
20210828_conv.nc
20220601_conv.nc
20220602_conv.nc
20220603_conv.nc
20220607_conv.nc
20220608_conv.nc
20220609_conv.nc
20220610_conv.nc
20220611_conv.nc
20220613_conv.nc
20220614_conv.nc
20220615_conv.nc
20220616_conv.nc
20220617_conv.nc
20220618_conv.nc
20220619_conv.nc
20220620_conv.nc
20220621_conv.nc
20220622_conv.nc
20220623_conv.nc
20220624_conv.nc
20220625_conv.nc
20220626_conv.nc
20220628_conv.nc
20220629_conv.nc
20220630_conv.nc
20220701_conv.nc
20220702_conv.nc
20220703_conv.nc
20220704_conv.nc
20220705_conv.nc
20220706_conv.nc
20220707_conv.nc
20220708_conv.nc
20220709_conv.nc
20220710_conv.nc
20220711_conv.nc
20220712_conv.nc
20220713_conv.nc
20220714_conv.nc
20220715_conv.nc
20220716_conv.nc
20220717_conv.nc
20220718_conv.nc
20220719_conv.nc
20220720_conv.nc
20220721_conv.nc
20220722_conv.nc
20220723_conv.nc
20220724_conv.nc
20220725_conv.nc
20220726_conv.nc
20220727_conv.nc
20220728_conv.nc
20220729_conv.nc
20220730_conv.nc
20220731_conv.nc
20220801_conv.nc
20220802_conv.nc
20220803_conv.nc
20220804_conv.nc
20220805_conv.nc
20220806_conv.nc
20220807_conv.nc
20220808_conv.nc
20220809_conv.nc
20220810_conv.nc
20220811_conv.nc
20220812_conv.nc
20220813_conv.nc
20220814_conv.nc
20220815_conv.nc
20220816_conv.nc
20220817_conv.nc
20220818_conv.nc
20220819_conv.nc
20220820_conv.nc
20220821_conv.nc
20220822_conv.nc
20220823_conv.nc
20220824_conv.nc
20220825_conv.nc
20220826_conv.nc
20220827_conv.nc
20220828_conv.nc
20230601_conv.nc
20230602_conv.nc
20230603_conv.nc
20230604_conv.nc
20230605_conv.nc
20230606_conv.nc
20230607_conv.nc
20230608_conv.nc
20230609_conv.nc
20230610_conv.nc
20230611_conv.nc
20230612_conv.nc
20230613_conv.nc
20230614_conv.nc
20230615_conv.nc
20230616_conv.nc
20230617_conv.nc
20230618_conv.nc
20230619_conv.nc
20230620_conv.nc
20230621_conv.nc
20230622_conv.nc
20230623_conv.nc
20230624_conv.nc
20230625_conv.nc
20230626_conv.nc
20230627_conv.nc
20230628_conv.nc
20230629_conv.nc
20230630_conv.nc
20230701_conv.nc
20230702_conv.nc
20230703_conv.nc
20230704_conv.nc
20230705_conv.nc
20230706_conv.nc
20230707_conv.nc
20230708_conv.nc
20230709_conv.nc
20230710_conv.nc
20230711_conv.nc
20230712_conv.nc
20230713_conv.nc
20230714_conv.nc
20230715_conv.nc
20230716_conv.nc
20230717_conv.nc
20230718_conv.nc
20230719_conv.nc
20230720_conv.nc
20230721_conv.nc
20230722_conv.nc
20230723_conv.nc
20230724_conv.nc
20230725_conv.nc
20230726_conv.nc
20230727_conv.nc
20230728_conv.nc
20230730_conv.nc
20230731_conv.nc
20230801_conv.nc
20230802_conv.nc
20230803_conv.nc
20230804_conv.nc
20230805_conv.nc
20230806_conv.nc
20230807_conv.nc
20230808_conv.nc
20230809_conv.nc
20230810_conv.nc
20230811_conv.nc
20230812_conv.nc
20230813_conv.nc
20230814_conv.nc
20230815_conv.nc
20230816_conv.nc
20230817_conv.nc
20230818_conv.nc
20230819_conv.nc
20230820_conv.nc
20230821_conv.nc
20230822_conv.nc
20230823_conv.nc
20230824_conv.nc
20230825_conv.nc
20230826_conv.nc
20230827_conv.nc
20230828_conv.nc
Traceback (most recent call last):
  File "prerain_full.py", line 159, in <module>
    except Exception:
  File "netCDF4/_netCDF4.pyx", line 4566, in netCDF4._netCDF4.Variable.__setitem__
ValueError: cannot reshape array of size 1619801 into shape (257,1039,1559)

real	810m49.620s
user	42m2.719s
sys	19m41.710s
